# JRE version: OpenJDK Runtime Environment (8.0_212-b03) (build 1.8.0_212-8u212-b03-0ubuntu1.16.04.1-b03)
# Java VM: OpenJDK 64-Bit Server VM (25.212-b03 mixed mode linux-amd64 compressed oops)
Heap:
 PSYoungGen      total 314880K, used 73545K [0x00000000dfb80000, 0x0000000100000000, 0x0000000100000000)
  eden space 176640K, 0% used [0x00000000dfb80000,0x00000000dfb80000,0x00000000ea800000)
  from space 138240K, 53% used [0x00000000f7900000,0x00000000fc0d26e0,0x0000000100000000)
  to   space 176128K, 0% used [0x00000000ea800000,0x00000000ea800000,0x00000000f5400000)
 ParOldGen       total 747008K, used 746587K [0x000000009f200000, 0x00000000ccb80000, 0x00000000dfb80000)
  object space 747008K, 99% used [0x000000009f200000,0x00000000ccb16f78,0x00000000ccb80000)
 Metaspace       used 22667K, capacity 23204K, committed 23424K, reserved 1071104K
  class space    used 2485K, capacity 2620K, committed 2688K, reserved 1048576K
GC Heap History (10 events):
Event: 20,550 GC heap after
Heap after GC invocations=53 (full 3):
 PSYoungGen      total 360448K, used 86517K [0x00000000dfb80000, 0x0000000100000000, 0x0000000100000000)
  eden space 273920K, 0% used [0x00000000dfb80000,0x00000000dfb80000,0x00000000f0700000)
  from space 86528K, 99% used [0x00000000fab80000,0x00000000ffffd740,0x0000000100000000)
  to   space 127488K, 0% used [0x00000000f0700000,0x00000000f0700000,0x00000000f8380000)
 ParOldGen       total 747008K, used 552850K [0x000000009f200000, 0x00000000ccb80000, 0x00000000dfb80000)
  object space 747008K, 74% used [0x000000009f200000,0x00000000c0de4bb8,0x00000000ccb80000)
 Metaspace       used 22373K, capacity 22878K, committed 23040K, reserved 1069056K
  class space    used 2447K, capacity 2555K, committed 2560K, reserved 1048576K
}
Event: 21,082 GC heap before
{Heap before GC invocations=54 (full 3):
 PSYoungGen      total 360448K, used 359579K [0x00000000dfb80000, 0x0000000100000000, 0x0000000100000000)
  eden space 273920K, 99% used [0x00000000dfb80000,0x00000000f0629780,0x00000000f0700000)
  from space 86528K, 99% used [0x00000000fab80000,0x00000000ffffd740,0x0000000100000000)
  to   space 127488K, 0% used [0x00000000f0700000,0x00000000f0700000,0x00000000f8380000)
 ParOldGen       total 747008K, used 552850K [0x000000009f200000, 0x00000000ccb80000, 0x00000000dfb80000)
  object space 747008K, 74% used [0x000000009f200000,0x00000000c0de4bb8,0x00000000ccb80000)
 Metaspace       used 22390K, capacity 22910K, committed 23168K, reserved 1069056K
  class space    used 2450K, capacity 2587K, committed 2688K, reserved 1048576K
Event: 21,128 GC heap after
Heap after GC invocations=54 (full 3):
 PSYoungGen      total 349184K, used 75066K [0x00000000dfb80000, 0x0000000100000000, 0x0000000100000000)
  eden space 273920K, 0% used [0x00000000dfb80000,0x00000000dfb80000,0x00000000f0700000)
  from space 75264K, 99% used [0x00000000f0700000,0x00000000f504eb18,0x00000000f5080000)
  to   space 128000K, 0% used [0x00000000f8300000,0x00000000f8300000,0x0000000100000000)
 ParOldGen       total 747008K, used 584586K [0x000000009f200000, 0x00000000ccb80000, 0x00000000dfb80000)
  object space 747008K, 78% used [0x000000009f200000,0x00000000c2ce2980,0x00000000ccb80000)
 Metaspace       used 22390K, capacity 22910K, committed 23168K, reserved 1069056K
  class space    used 2450K, capacity 2587K, committed 2688K, reserved 1048576K
}
Event: 21,590 GC heap before
{Heap before GC invocations=55 (full 3):
 PSYoungGen      total 349184K, used 348986K [0x00000000dfb80000, 0x0000000100000000, 0x0000000100000000)
  eden space 273920K, 100% used [0x00000000dfb80000,0x00000000f0700000,0x00000000f0700000)
  from space 75264K, 99% used [0x00000000f0700000,0x00000000f504eb18,0x00000000f5080000)
  to   space 128000K, 0% used [0x00000000f8300000,0x00000000f8300000,0x0000000100000000)
 ParOldGen       total 747008K, used 584586K [0x000000009f200000, 0x00000000ccb80000, 0x00000000dfb80000)
  object space 747008K, 78% used [0x000000009f200000,0x00000000c2ce2980,0x00000000ccb80000)
 Metaspace       used 22502K, capacity 23038K, committed 23168K, reserved 1069056K
  class space    used 2466K, capacity 2587K, committed 2688K, reserved 1048576K
Event: 21,628 GC heap after
Heap after GC invocations=55 (full 3):
 PSYoungGen      total 380416K, used 104210K [0x00000000dfb80000, 0x0000000100000000, 0x0000000100000000)
  eden space 252416K, 0% used [0x00000000dfb80000,0x00000000dfb80000,0x00000000ef200000)
  from space 128000K, 81% used [0x00000000f8300000,0x00000000fe8c4b70,0x0000000100000000)
  to   space 138240K, 0% used [0x00000000ef200000,0x00000000ef200000,0x00000000f7900000)
 ParOldGen       total 747008K, used 584594K [0x000000009f200000, 0x00000000ccb80000, 0x00000000dfb80000)
  object space 747008K, 78% used [0x000000009f200000,0x00000000c2ce4980,0x00000000ccb80000)
 Metaspace       used 22502K, capacity 23038K, committed 23168K, reserved 1069056K
  class space    used 2466K, capacity 2587K, committed 2688K, reserved 1048576K
}
Event: 21,874 GC heap before
{Heap before GC invocations=56 (full 3):
 PSYoungGen      total 380416K, used 356626K [0x00000000dfb80000, 0x0000000100000000, 0x0000000100000000)
  eden space 252416K, 100% used [0x00000000dfb80000,0x00000000ef200000,0x00000000ef200000)
  from space 128000K, 81% used [0x00000000f8300000,0x00000000fe8c4b70,0x0000000100000000)
  to   space 138240K, 0% used [0x00000000ef200000,0x00000000ef200000,0x00000000f7900000)
 ParOldGen       total 747008K, used 584594K [0x000000009f200000, 0x00000000ccb80000, 0x00000000dfb80000)
  object space 747008K, 78% used [0x000000009f200000,0x00000000c2ce4980,0x00000000ccb80000)
 Metaspace       used 22640K, capacity 23134K, committed 23424K, reserved 1071104K
  class space    used 2483K, capacity 2619K, committed 2688K, reserved 1048576K
Event: 21,982 GC heap after
Heap after GC invocations=56 (full 3):
 PSYoungGen      total 390656K, used 138238K [0x00000000dfb80000, 0x0000000100000000, 0x0000000100000000)
  eden space 252416K, 0% used [0x00000000dfb80000,0x00000000dfb80000,0x00000000ef200000)
  from space 138240K, 99% used [0x00000000ef200000,0x00000000f78ff990,0x00000000f7900000)
  to   space 138240K, 0% used [0x00000000f7900000,0x00000000f7900000,0x0000000100000000)
 ParOldGen       total 747008K, used 624299K [0x000000009f200000, 0x00000000ccb80000, 0x00000000dfb80000)
  object space 747008K, 83% used [0x000000009f200000,0x00000000c53aae20,0x00000000ccb80000)
 Metaspace       used 22640K, capacity 23134K, committed 23424K, reserved 1071104K
  class space    used 2483K, capacity 2619K, committed 2688K, reserved 1048576K
}
Event: 22,186 GC heap before
{Heap before GC invocations=57 (full 3):
 PSYoungGen      total 390656K, used 390654K [0x00000000dfb80000, 0x0000000100000000, 0x0000000100000000)
  eden space 252416K, 100% used [0x00000000dfb80000,0x00000000ef200000,0x00000000ef200000)
  from space 138240K, 99% used [0x00000000ef200000,0x00000000f78ff990,0x00000000f7900000)
  to   space 138240K, 0% used [0x00000000f7900000,0x00000000f7900000,0x0000000100000000)
 ParOldGen       total 747008K, used 624299K [0x000000009f200000, 0x00000000ccb80000, 0x00000000dfb80000)
  object space 747008K, 83% used [0x000000009f200000,0x00000000c53aae20,0x00000000ccb80000)
 Metaspace       used 22667K, capacity 23204K, committed 23424K, reserved 1071104K
  class space    used 2485K, capacity 2620K, committed 2688K, reserved 1048576K
Event: 22,397 GC heap after
Heap after GC invocations=57 (full 3):
 PSYoungGen      total 314880K, used 138210K [0x00000000dfb80000, 0x0000000100000000, 0x0000000100000000)
  eden space 176640K, 0% used [0x00000000dfb80000,0x00000000dfb80000,0x00000000ea800000)
  from space 138240K, 99% used [0x00000000f7900000,0x00000000ffff8a00,0x0000000100000000)
  to   space 176128K, 0% used [0x00000000ea800000,0x00000000ea800000,0x00000000f5400000)
 ParOldGen       total 747008K, used 696211K [0x000000009f200000, 0x00000000ccb80000, 0x00000000dfb80000)
  object space 747008K, 93% used [0x000000009f200000,0x00000000c99e4fb8,0x00000000ccb80000)
 Metaspace       used 22667K, capacity 23204K, committed 23424K, reserved 1071104K
  class space    used 2485K, capacity 2620K, committed 2688K, reserved 1048576K
}
Event: 22,401 GC heap before
{Heap before GC invocations=58 (full 4):
 PSYoungGen      total 314880K, used 138210K [0x00000000dfb80000, 0x0000000100000000, 0x0000000100000000)
  eden space 176640K, 0% used [0x00000000dfb80000,0x00000000dfb80000,0x00000000ea800000)
  from space 138240K, 99% used [0x00000000f7900000,0x00000000ffff8a00,0x0000000100000000)
  to   space 176128K, 0% used [0x00000000ea800000,0x00000000ea800000,0x00000000f5400000)
 ParOldGen       total 747008K, used 696211K [0x000000009f200000, 0x00000000ccb80000, 0x00000000dfb80000)
  object space 747008K, 93% used [0x000000009f200000,0x00000000c99e4fb8,0x00000000ccb80000)
 Metaspace       used 22667K, capacity 23204K, committed 23424K, reserved 1071104K
  class space    used 2485K, capacity 2620K, committed 2688K, reserved 1048576K

