<?xml version="1.0" encoding="UTF-8" ?>
<testsuite failures="1" time="9.319" errors="0" skipped="0" tests="33" name="org.languagetool.commandline.MainTest">
  <properties>
[...]
</properties>
  <testcase time="0.011" classname="org.languagetool.commandline.MainTest" name="testUsageMessage"/>
  <testcase time="0.002" classname="org.languagetool.commandline.MainTest" name="testPrintLanguages"/>
  <testcase time="0.756" classname="org.languagetool.commandline.MainTest" name="testEnglishFile"/>
  <testcase time="0.679" classname="org.languagetool.commandline.MainTest" name="testEnglishFileAutoDetect"/>
  <testcase time="0.421" classname="org.languagetool.commandline.MainTest" name="testEnglishStdInAutoDetect"/>
  <testcase time="0.067" classname="org.languagetool.commandline.MainTest" name="testEnglishFileVerbose"/>
  <testcase time="0.086" classname="org.languagetool.commandline.MainTest" name="testEnglishStdIn1"/>
  <testcase time="0.06" classname="org.languagetool.commandline.MainTest" name="testEnglishStdIn2"/>
  <testcase time="0.046" classname="org.languagetool.commandline.MainTest" name="testEnglishStdIn3"/>
  <testcase time="0.062" classname="org.languagetool.commandline.MainTest" name="testEnglishStdIn4"/>
  <testcase time="0.052" classname="org.languagetool.commandline.MainTest" name="testEnglishLineMode"/>
  <testcase time="0.055" classname="org.languagetool.commandline.MainTest" name="testEnglishParaMode"/>
  <testcase time="1.197" classname="org.languagetool.commandline.MainTest" name="testPolishStdInDefaultOff"/>
  <testcase time="1.49" classname="org.languagetool.commandline.MainTest" name="testPolishSpelling"/>
  <testcase time="0.055" classname="org.languagetool.commandline.MainTest" name="testEnglishFileRuleDisabled"/>
  <testcase time="0.499" classname="org.languagetool.commandline.MainTest" name="testEnglishFileRuleEnabled"/>
  <testcase time="0.033" classname="org.languagetool.commandline.MainTest" name="testEnglishFileAPI"/>
  <testcase time="0.597" classname="org.languagetool.commandline.MainTest" name="testGermanFileWithURL"/>
  <testcase time="0.081" classname="org.languagetool.commandline.MainTest" name="testPolishFileAPI">
    <failure message="null" type="junit.framework.AssertionFailedError">junit.framework.AssertionFailedError: null
	at junit.framework.Assert.fail(Assert.java:47)
	at junit.framework.Assert.assertTrue(Assert.java:20)
	at junit.framework.Assert.assertTrue(Assert.java:27)
	at org.languagetool.commandline.MainTest.testPolishFileAPI(MainTest.java:322)
	at sun.reflect.NativeMethodAccessorImpl.invoke0(Native Method)
	at sun.reflect.NativeMethodAccessorImpl.invoke(NativeMethodAccessorImpl.java:57)
	at sun.reflect.DelegatingMethodAccessorImpl.invoke(DelegatingMethodAccessorImpl.java:43)
	at java.lang.reflect.Method.invoke(Method.java:601)
	at junit.framework.TestCase.runTest(TestCase.java:168)
	at junit.framework.TestCase.runBare(TestCase.java:134)
	at junit.framework.TestResult$1.protect(TestResult.java:110)
	at junit.framework.TestResult.runProtected(TestResult.java:128)
	at junit.framework.TestResult.run(TestResult.java:113)
	at junit.framework.TestCase.run(TestCase.java:124)
	at junit.framework.TestSuite.runTest(TestSuite.java:232)
	at junit.framework.TestSuite.run(TestSuite.java:227)
	at org.junit.internal.runners.JUnit38ClassRunner.run(JUnit38ClassRunner.java:83)
	at org.apache.maven.surefire.junit4.JUnit4TestSet.execute(JUnit4TestSet.java:35)
	at org.apache.maven.surefire.junit4.JUnit4Provider.executeTestSet(JUnit4Provider.java:146)
	at org.apache.maven.surefire.junit4.JUnit4Provider.invoke(JUnit4Provider.java:97)
	at sun.reflect.NativeMethodAccessorImpl.invoke0(Native Method)
	at sun.reflect.NativeMethodAccessorImpl.invoke(NativeMethodAccessorImpl.java:57)
	at sun.reflect.DelegatingMethodAccessorImpl.invoke(DelegatingMethodAccessorImpl.java:43)
	at java.lang.reflect.Method.invoke(Method.java:601)
	at org.apache.maven.surefire.booter.ProviderFactory$ClassLoaderProxy.invoke(ProviderFactory.java:103)
	at $Proxy0.invoke(Unknown Source)
	at org.apache.maven.surefire.booter.SurefireStarter.invokeProvider(SurefireStarter.java:145)
	at org.apache.maven.surefire.booter.SurefireStarter.runSuitesInProcess(SurefireStarter.java:87)
	at org.apache.maven.surefire.booter.ForkedBooter.main(ForkedBooter.java:69)
</failure>
  </testcase>
  <testcase time="0.061" classname="org.languagetool.commandline.MainTest" name="testPolishLineNumbers"/>
  <testcase time="0.038" classname="org.languagetool.commandline.MainTest" name="testEnglishTagger"/>
  <testcase time="0.223" classname="org.languagetool.commandline.MainTest" name="testBitextMode"/>
  <testcase time="0.113" classname="org.languagetool.commandline.MainTest" name="testBitextModeApply"/>
  <testcase time="0.042" classname="org.languagetool.commandline.MainTest" name="testListUnknown"/>
  <testcase time="0.065" classname="org.languagetool.commandline.MainTest" name="testNoListUnknown"/>
  <testcase time="0.058" classname="org.languagetool.commandline.MainTest" name="testLangWithCountryVariant"/>
  <testcase time="0.051" classname="org.languagetool.commandline.MainTest" name="testNoXmlFilteringByDefault"/>
  <testcase time="0.027" classname="org.languagetool.commandline.MainTest" name="testXmlFiltering"/>
  <testcase time="0.023" classname="org.languagetool.commandline.MainTest" name="testEnglishFileApplySuggestions"/>
  <testcase time="0.496" classname="org.languagetool.commandline.MainTest" name="testEnglishFileFakeRuleEnabled"/>
  <testcase time="0.142" classname="org.languagetool.commandline.MainTest" name="testBitextModeWithDisabledRule"/>
  <testcase time="1.675" classname="org.languagetool.commandline.MainTest" name="testBitextModeWithEnabledRule"/>
  <testcase time="0" classname="org.languagetool.commandline.MainTest" name="testSomething"/>
</testsuite>